0 info it worked if it ends with ok
1 verbose cli [ 'C:\\Program Files (x86)\\nodejs\\node.exe',
1 verbose cli   'C:\\Program Files (x86)\\nodejs\\node_modules\\npm\\bin\\npm-cli.js',
1 verbose cli   'start' ]
2 info using npm@3.10.10
3 info using node@v6.10.2
4 verbose run-script [ 'prestart', 'start', 'poststart' ]
5 info lifecycle reduxstarter@1.0.0~prestart: reduxstarter@1.0.0
6 verbose lifecycle reduxstarter@1.0.0~prestart: unsafe-perm in lifecycle true
7 verbose lifecycle reduxstarter@1.0.0~prestart: PATH: C:\Program Files (x86)\nodejs\node_modules\npm\bin\node-gyp-bin;F:\My Work\Projects\ReactJs\reduxStarter\node_modules\.bin;C:\Program Files\Docker\Docker\Resources\bin;C:\Program Files\Microsoft MPI\Bin\;C:\Python27\;C:\Python27\Scripts;C:\Ruby23-x64\bin;C:\ProgramData\Oracle\Java\javapath;C:\Program Files\Python35\Scripts\;C:\Program Files\Python35\;C:\WINDOWS\system32;C:\WINDOWS;C:\WINDOWS\System32\Wbem;C:\WINDOWS\System32\WindowsPowerShell\v1.0\;C:\Program Files (x86)\Intel\OpenCL SDK\2.0\bin\x86;C:\Program Files (x86)\Intel\OpenCL SDK\2.0\bin\x64;C:\Users\Damith\.dnx\bin;C:\Program Files\Microsoft DNX\Dnvm\;C:\Program Files\Microsoft SQL Server\120\Tools\Binn\;C:\Program Files\dotnet\;C:\Program Files\Microsoft SQL Server\130\Tools\Binn\;C:\Program Files (x86)\Windows Kits\10\Windows Performance Toolkit\;C:\Program Files (x86)\Microsoft VS Code\bin;C:\Users\Damith\AppData\Local\Microsoft\WindowsApps;C:\Users\Damith\AppData\Roaming\npm;c:\program files\docker;C:\Program Files\Docker;C:\Program Files (x86)\Microsoft SQL Server\130\Tools\Binn\;C:\Program Files (x86)\Microsoft SQL Server\130\DTS\Binn\;C:\Program Files\Microsoft SQL Server\130\DTS\Binn\;C:\Program Files\Microsoft SQL Server\Client SDK\ODBC\130\Tools\Binn\;C:\Program Files (x86)\Microsoft SQL Server\Client SDK\ODBC\130\Tools\Binn\;C:\Program Files (x86)\Microsoft SQL Server\130\Tools\Binn\ManagementStudio\;C:\Program Files (x86)\GtkSharp\2.12\bin;C:\Program Files\MongoDB\Server\3.4.2\bin;C:\Program Files (x86)\Skype\Phone\;C:\Program Files (x86)\nodejs\;C:\ProgramData\chocolatey\bin;C:\Program Files\TortoiseGit\bin;C:\WINDOWS\system32;C:\WINDOWS;C:\WINDOWS\System32\Wbem;C:\WINDOWS\System32\WindowsPowerShell\v1.0\;C:\Program Files\Microsoft\Web Platform Installer\;C:\Program Files\Microsoft Service Fabric\bin\Fabric\Fabric.Code;C:\Program Files\Microsoft SDKs\Service Fabric\Tools\ServiceFabricLocalClusterManager;C:\Program Files\Git\cmd;C:\Go\bin;C:\PostgreSQL\pg96\bin;C:\Program Files (x86)\Microsoft VS Code\bin;C:\Users\Damith\AppData\Local\Microsoft\WindowsApps;C:\Users\Damith\AppData\Roaming\npm;C:\Program Files\Heroku\bin;C:\Go\bin;C:\pscp.exe;H:\Software\ngrok\ngrok-stable-windows-amd64;;C:\Users\Damith\AppData\Local\Programs\Fiddler
8 verbose lifecycle reduxstarter@1.0.0~prestart: CWD: F:\My Work\Projects\ReactJs\reduxStarter
9 silly lifecycle reduxstarter@1.0.0~prestart: Args: [ '/d /s /c', 'babel-node tools/startMessage.js' ]
10 silly lifecycle reduxstarter@1.0.0~prestart: Returned: code: 0  signal: null
11 info lifecycle reduxstarter@1.0.0~start: reduxstarter@1.0.0
12 verbose lifecycle reduxstarter@1.0.0~start: unsafe-perm in lifecycle true
13 verbose lifecycle reduxstarter@1.0.0~start: PATH: C:\Program Files (x86)\nodejs\node_modules\npm\bin\node-gyp-bin;F:\My Work\Projects\ReactJs\reduxStarter\node_modules\.bin;C:\Program Files\Docker\Docker\Resources\bin;C:\Program Files\Microsoft MPI\Bin\;C:\Python27\;C:\Python27\Scripts;C:\Ruby23-x64\bin;C:\ProgramData\Oracle\Java\javapath;C:\Program Files\Python35\Scripts\;C:\Program Files\Python35\;C:\WINDOWS\system32;C:\WINDOWS;C:\WINDOWS\System32\Wbem;C:\WINDOWS\System32\WindowsPowerShell\v1.0\;C:\Program Files (x86)\Intel\OpenCL SDK\2.0\bin\x86;C:\Program Files (x86)\Intel\OpenCL SDK\2.0\bin\x64;C:\Users\Damith\.dnx\bin;C:\Program Files\Microsoft DNX\Dnvm\;C:\Program Files\Microsoft SQL Server\120\Tools\Binn\;C:\Program Files\dotnet\;C:\Program Files\Microsoft SQL Server\130\Tools\Binn\;C:\Program Files (x86)\Windows Kits\10\Windows Performance Toolkit\;C:\Program Files (x86)\Microsoft VS Code\bin;C:\Users\Damith\AppData\Local\Microsoft\WindowsApps;C:\Users\Damith\AppData\Roaming\npm;c:\program files\docker;C:\Program Files\Docker;C:\Program Files (x86)\Microsoft SQL Server\130\Tools\Binn\;C:\Program Files (x86)\Microsoft SQL Server\130\DTS\Binn\;C:\Program Files\Microsoft SQL Server\130\DTS\Binn\;C:\Program Files\Microsoft SQL Server\Client SDK\ODBC\130\Tools\Binn\;C:\Program Files (x86)\Microsoft SQL Server\Client SDK\ODBC\130\Tools\Binn\;C:\Program Files (x86)\Microsoft SQL Server\130\Tools\Binn\ManagementStudio\;C:\Program Files (x86)\GtkSharp\2.12\bin;C:\Program Files\MongoDB\Server\3.4.2\bin;C:\Program Files (x86)\Skype\Phone\;C:\Program Files (x86)\nodejs\;C:\ProgramData\chocolatey\bin;C:\Program Files\TortoiseGit\bin;C:\WINDOWS\system32;C:\WINDOWS;C:\WINDOWS\System32\Wbem;C:\WINDOWS\System32\WindowsPowerShell\v1.0\;C:\Program Files\Microsoft\Web Platform Installer\;C:\Program Files\Microsoft Service Fabric\bin\Fabric\Fabric.Code;C:\Program Files\Microsoft SDKs\Service Fabric\Tools\ServiceFabricLocalClusterManager;C:\Program Files\Git\cmd;C:\Go\bin;C:\PostgreSQL\pg96\bin;C:\Program Files (x86)\Microsoft VS Code\bin;C:\Users\Damith\AppData\Local\Microsoft\WindowsApps;C:\Users\Damith\AppData\Roaming\npm;C:\Program Files\Heroku\bin;C:\Go\bin;C:\pscp.exe;H:\Software\ngrok\ngrok-stable-windows-amd64;;C:\Users\Damith\AppData\Local\Programs\Fiddler
14 verbose lifecycle reduxstarter@1.0.0~start: CWD: F:\My Work\Projects\ReactJs\reduxStarter
15 silly lifecycle reduxstarter@1.0.0~start: Args: [ '/d /s /c', 'npm-run-all --parallel open:src lint:watch' ]
16 silly lifecycle reduxstarter@1.0.0~start: Returned: code: 1  signal: null
17 info lifecycle reduxstarter@1.0.0~start: Failed to exec start script
18 verbose stack Error: reduxstarter@1.0.0 start: `npm-run-all --parallel open:src lint:watch`
18 verbose stack Exit status 1
18 verbose stack     at EventEmitter.<anonymous> (C:\Program Files (x86)\nodejs\node_modules\npm\lib\utils\lifecycle.js:255:16)
18 verbose stack     at emitTwo (events.js:106:13)
18 verbose stack     at EventEmitter.emit (events.js:191:7)
18 verbose stack     at ChildProcess.<anonymous> (C:\Program Files (x86)\nodejs\node_modules\npm\lib\utils\spawn.js:40:14)
18 verbose stack     at emitTwo (events.js:106:13)
18 verbose stack     at ChildProcess.emit (events.js:191:7)
18 verbose stack     at maybeClose (internal/child_process.js:886:16)
18 verbose stack     at Process.ChildProcess._handle.onexit (internal/child_process.js:226:5)
19 verbose pkgid reduxstarter@1.0.0
20 verbose cwd F:\My Work\Projects\ReactJs\reduxStarter
21 error Windows_NT 10.0.15063
22 error argv "C:\\Program Files (x86)\\nodejs\\node.exe" "C:\\Program Files (x86)\\nodejs\\node_modules\\npm\\bin\\npm-cli.js" "start"
23 error node v6.10.2
24 error npm  v3.10.10
25 error code ELIFECYCLE
26 error reduxstarter@1.0.0 start: `npm-run-all --parallel open:src lint:watch`
26 error Exit status 1
27 error Failed at the reduxstarter@1.0.0 start script 'npm-run-all --parallel open:src lint:watch'.
27 error Make sure you have the latest version of node.js and npm installed.
27 error If you do, this is most likely a problem with the reduxstarter package,
27 error not with npm itself.
27 error Tell the author that this fails on your system:
27 error     npm-run-all --parallel open:src lint:watch
27 error You can get information on how to open an issue for this project with:
27 error     npm bugs reduxstarter
27 error Or if that isn't available, you can get their info via:
27 error     npm owner ls reduxstarter
27 error There is likely additional logging output above.
28 verbose exit [ 1, true ]
